Using pre-set license

 COMMAND LINE ARGUMENTS:
/Applications/Unity/Hub/Editor/2021.1.3f1/Unity.app/Contents/MacOS/Unity
-adb2
-batchMode
-noUpm
-name
AssetImportWorker0
-projectPath
/Users/mitchell/Documents/SIGCHI/SIGCHI-Git/ECEB-Kiosk-Game/ECEB Kiosk Game
-logFile
Logs/AssetImportWorker0.log
-srvPort
52424
Successfully changed project path to: /Users/mitchell/Documents/SIGCHI/SIGCHI-Git/ECEB-Kiosk-Game/ECEB Kiosk Game
/Users/mitchell/Documents/SIGCHI/SIGCHI-Git/ECEB-Kiosk-Game/ECEB Kiosk Game
Using Asset Import Pipeline V2.
Refreshing native plugins compatible for Editor in 77.87 ms, found 1 plugins.
Preloading 0 native plugins for Editor in 0.00 ms.
Initialize engine version: 2021.1.3f1 (4bef613afd59)
[Subsystems] Discovering subsystems at path /Applications/Unity/Hub/Editor/2021.1.3f1/Unity.app/Contents/Resources/UnitySubsystems
[Subsystems] Discovering subsystems at path /Users/mitchell/Documents/SIGCHI/SIGCHI-Git/ECEB-Kiosk-Game/ECEB Kiosk Game/Assets
GfxDevice: creating device client; threaded=0; jobified=0
2021-11-02 17:11:05.214 Unity[87590:10184277] ExtronScalerD preferred device: Intel(R) Iris(TM) Plus Graphics 655 (low power)
2021-11-02 17:11:05.214 Unity[87590:10184277] Metal devices available: 1
2021-11-02 17:11:05.214 Unity[87590:10184277] 0: Intel(R) Iris(TM) Plus Graphics 655 (low power)
2021-11-02 17:11:05.214 Unity[87590:10184277] Using device Intel(R) Iris(TM) Plus Graphics 655 (low power)
Initializing Metal device caps: Intel(R) Iris(TM) Plus Graphics 655
Initialize mono
Mono path[0] = '/Applications/Unity/Hub/Editor/2021.1.3f1/Unity.app/Contents/Managed'
Mono path[1] = '/Applications/Unity/Hub/Editor/2021.1.3f1/Unity.app/Contents/MonoBleedingEdge/lib/mono/unityjit'
Mono config path = '/Applications/Unity/Hub/Editor/2021.1.3f1/Unity.app/Contents/MonoBleedingEdge/etc'
Using monoOptions --debugger-agent=transport=dt_socket,embedding=1,server=y,suspend=n,address=127.0.0.1:56590
Begin MonoManager ReloadAssembly
Registering precompiled unity dll's ...
Register platform support module: /Applications/Unity/Hub/Editor/2021.1.3f1/PlaybackEngines/WebGLSupport/UnityEditor.WebGL.Extensions.dll
Register platform support module: /Applications/Unity/Hub/Editor/2021.1.3f1/Unity.app/Contents/PlaybackEngines/MacStandaloneSupport/UnityEditor.OSXStandalone.Extensions.dll
Register platform support module: /Applications/Unity/Hub/Editor/2021.1.3f1/PlaybackEngines/WindowsStandaloneSupport/UnityEditor.WindowsStandalone.Extensions.dll
Register platform support module: /Applications/Unity/Hub/Editor/2021.1.3f1/PlaybackEngines/LinuxStandaloneSupport/UnityEditor.LinuxStandalone.Extensions.dll
Registered in 0.005137 seconds.
Native extension for LinuxStandalone target not found
Native extension for WindowsStandalone target not found
Native extension for OSXStandalone target not found
Native extension for WebGL target not found
Refreshing native plugins compatible for Editor in 74.35 ms, found 1 plugins.
Preloading 0 native plugins for Editor in 0.00 ms.
Mono: successfully reloaded assembly
- Completed reload, in  2.444 seconds
Platform modules already initialized, skipping
Registering precompiled user dll's ...
Registered in 0.009835 seconds.
Begin MonoManager ReloadAssembly
Native extension for LinuxStandalone target not found
Native extension for WindowsStandalone target not found
Native extension for OSXStandalone target not found
Native extension for WebGL target not found
Refreshing native plugins compatible for Editor in 0.53 ms, found 1 plugins.
Preloading 0 native plugins for Editor in 0.00 ms.
Mono: successfully reloaded assembly
- Completed reload, in  1.170 seconds
Platform modules already initialized, skipping
========================================================================
Worker process is ready to serve import requests
Launching external process: /Applications/Unity/Hub/Editor/2021.1.3f1/Unity.app/Contents/Tools/UnityShaderCompiler
Launched and connected shader compiler UnityShaderCompiler after 0.03 seconds
Refreshing native plugins compatible for Editor in 0.59 ms, found 1 plugins.
Preloading 0 native plugins for Editor in 0.00 ms.
Unloading 2667 Unused Serialized files (Serialized files now loaded: 0)
System memory in use before: 168.8 MB.
System memory in use after: 169.0 MB.

Unloading 15 unused Assets to reduce memory usage. Loaded Objects now: 3129.
Total: 2.360084 ms (FindLiveObjects: 0.214704 ms CreateObjectMapping: 0.109839 ms MarkObjects: 1.964557 ms  DeleteObjects: 0.070024 ms)

========================================================================
Received Import Request.
  path: Assets/KajamansRoads/Materials/2RoadMat.mat
  artifactKey: Guid(fce506d6213fc8645809d972536683b5) Importer(815301076,1909f56bfc062723c751e8b465ee728b)
Start importing Assets/KajamansRoads/Materials/2RoadMat.mat using Guid(fce506d6213fc8645809d972536683b5) Importer(815301076,1909f56bfc062723c751e8b465ee728b)  -> (artifact id: '847ed67cea268c0fe91e952e413de312') in 0.528463 seconds 
